--------------------------------------------------------------------------------
Marvellous Infosystem Process Logger: Mon Jul 15 17:46:34 2019 
--------------------------------------------------------------------------------

{'name': 'systemd', 'pid': 1, 'username': 'root', 'vms': 222.87}
{'name': 'kthreadd', 'pid': 2, 'username': 'root', 'vms': 0.0}
{'name': 'kworker/0:0H', 'pid': 4, 'username': 'root', 'vms': 0.0}
{'name': 'mm_percpu_wq', 'pid': 6, 'username': 'root', 'vms': 0.0}
{'name': 'ksoftirqd/0', 'pid': 7, 'username': 'root', 'vms': 0.0}
{'name': 'rcu_sched', 'pid': 8, 'username': 'root', 'vms': 0.0}
{'name': 'rcu_bh', 'pid': 9, 'username': 'root', 'vms': 0.0}
{'name': 'migration/0', 'pid': 10, 'username': 'root', 'vms': 0.0}
{'name': 'watchdog/0', 'pid': 11, 'username': 'root', 'vms': 0.0}
{'name': 'cpuhp/0', 'pid': 12, 'username': 'root', 'vms': 0.0}
{'name': 'cpuhp/1', 'pid': 13, 'username': 'root', 'vms': 0.0}
{'name': 'watchdog/1', 'pid': 14, 'username': 'root', 'vms': 0.0}
{'name': 'migration/1', 'pid': 15, 'username': 'root', 'vms': 0.0}
{'name': 'ksoftirqd/1', 'pid': 16, 'username': 'root', 'vms': 0.0}
{'name': 'kworker/1:0H', 'pid': 18, 'username': 'root', 'vms': 0.0}
{'name': 'cpuhp/2', 'pid': 19, 'username': 'root', 'vms': 0.0}
{'name': 'watchdog/2', 'pid': 20, 'username': 'root', 'vms': 0.0}
{'name': 'migration/2', 'pid': 21, 'username': 'root', 'vms': 0.0}
{'name': 'ksoftirqd/2', 'pid': 22, 'username': 'root', 'vms': 0.0}
{'name': 'kworker/2:0H', 'pid': 24, 'username': 'root', 'vms': 0.0}
{'name': 'cpuhp/3', 'pid': 25, 'username': 'root', 'vms': 0.0}
{'name': 'watchdog/3', 'pid': 26, 'username': 'root', 'vms': 0.0}
{'name': 'migration/3', 'pid': 27, 'username': 'root', 'vms': 0.0}
{'name': 'ksoftirqd/3', 'pid': 28, 'username': 'root', 'vms': 0.0}
{'name': 'kworker/3:0H', 'pid': 30, 'username': 'root', 'vms': 0.0}
{'name': 'kdevtmpfs', 'pid': 31, 'username': 'root', 'vms': 0.0}
{'name': 'netns', 'pid': 32, 'username': 'root', 'vms': 0.0}
{'name': 'rcu_tasks_kthre', 'pid': 33, 'username': 'root', 'vms': 0.0}
{'name': 'kauditd', 'pid': 34, 'username': 'root', 'vms': 0.0}
{'name': 'khungtaskd', 'pid': 37, 'username': 'root', 'vms': 0.0}
{'name': 'oom_reaper', 'pid': 38, 'username': 'root', 'vms': 0.0}
{'name': 'writeback', 'pid': 39, 'username': 'root', 'vms': 0.0}
{'name': 'kcompactd0', 'pid': 40, 'username': 'root', 'vms': 0.0}
{'name': 'ksmd', 'pid': 41, 'username': 'root', 'vms': 0.0}
{'name': 'khugepaged', 'pid': 42, 'username': 'root', 'vms': 0.0}
{'name': 'crypto', 'pid': 43, 'username': 'root', 'vms': 0.0}
{'name': 'kintegrityd', 'pid': 44, 'username': 'root', 'vms': 0.0}
{'name': 'kblockd', 'pid': 45, 'username': 'root', 'vms': 0.0}
{'name': 'ata_sff', 'pid': 47, 'username': 'root', 'vms': 0.0}
{'name': 'md', 'pid': 48, 'username': 'root', 'vms': 0.0}
{'name': 'edac-poller', 'pid': 49, 'username': 'root', 'vms': 0.0}
{'name': 'devfreq_wq', 'pid': 50, 'username': 'root', 'vms': 0.0}
{'name': 'watchdogd', 'pid': 51, 'username': 'root', 'vms': 0.0}
{'name': 'kswapd0', 'pid': 55, 'username': 'root', 'vms': 0.0}
{'name': 'kworker/u17:0', 'pid': 56, 'username': 'root', 'vms': 0.0}
{'name': 'ecryptfs-kthrea', 'pid': 57, 'username': 'root', 'vms': 0.0}
{'name': 'kthrotld', 'pid': 99, 'username': 'root', 'vms': 0.0}
{'name': 'acpi_thermal_pm', 'pid': 101, 'username': 'root', 'vms': 0.0}
{'name': 'ipv6_addrconf', 'pid': 106, 'username': 'root', 'vms': 0.0}
{'name': 'kstrp', 'pid': 115, 'username': 'root', 'vms': 0.0}
{'name': 'charger_manager', 'pid': 132, 'username': 'root', 'vms': 0.0}
{'name': 'scsi_eh_0', 'pid': 186, 'username': 'root', 'vms': 0.0}
{'name': 'scsi_tmf_0', 'pid': 187, 'username': 'root', 'vms': 0.0}
{'name': 'scsi_eh_1', 'pid': 188, 'username': 'root', 'vms': 0.0}
{'name': 'scsi_tmf_1', 'pid': 189, 'username': 'root', 'vms': 0.0}
{'name': 'scsi_eh_2', 'pid': 190, 'username': 'root', 'vms': 0.0}
{'name': 'scsi_tmf_2', 'pid': 191, 'username': 'root', 'vms': 0.0}
{'name': 'scsi_eh_3', 'pid': 192, 'username': 'root', 'vms': 0.0}
{'name': 'scsi_tmf_3', 'pid': 193, 'username': 'root', 'vms': 0.0}
{'name': 'scsi_eh_4', 'pid': 194, 'username': 'root', 'vms': 0.0}
{'name': 'scsi_tmf_4', 'pid': 195, 'username': 'root', 'vms': 0.0}
{'name': 'scsi_eh_5', 'pid': 196, 'username': 'root', 'vms': 0.0}
{'name': 'scsi_tmf_5', 'pid': 197, 'username': 'root', 'vms': 0.0}
{'name': 'kworker/1:1H', 'pid': 211, 'username': 'root', 'vms': 0.0}
{'name': 'kworker/2:1H', 'pid': 212, 'username': 'root', 'vms': 0.0}
{'name': 'jbd2/sda10-8', 'pid': 240, 'username': 'root', 'vms': 0.0}
{'name': 'ext4-rsv-conver', 'pid': 241, 'username': 'root', 'vms': 0.0}
{'name': 'systemd-journald', 'pid': 280, 'username': 'root', 'vms': 134.37}
{'name': 'kworker/3:1H', 'pid': 288, 'username': 'root', 'vms': 0.0}
{'name': 'systemd-udevd', 'pid': 297, 'username': 'root', 'vms': 47.42}
{'name': 'kworker/0:1H', 'pid': 300, 'username': 'root', 'vms': 0.0}
{'name': 'loop0', 'pid': 304, 'username': 'root', 'vms': 0.0}
{'name': 'loop1', 'pid': 307, 'username': 'root', 'vms': 0.0}
{'name': 'loop2', 'pid': 309, 'username': 'root', 'vms': 0.0}
{'name': 'loop3', 'pid': 329, 'username': 'root', 'vms': 0.0}
{'name': 'loop4', 'pid': 331, 'username': 'root', 'vms': 0.0}
{'name': 'loop5', 'pid': 335, 'username': 'root', 'vms': 0.0}
{'name': 'loop6', 'pid': 340, 'username': 'root', 'vms': 0.0}
{'name': 'loop7', 'pid': 341, 'username': 'root', 'vms': 0.0}
{'name': 'loop8', 'pid': 342, 'username': 'root', 'vms': 0.0}
{'name': 'loop9', 'pid': 343, 'username': 'root', 'vms': 0.0}
{'name': 'loop10', 'pid': 344, 'username': 'root', 'vms': 0.0}
{'name': 'loop11', 'pid': 345, 'username': 'root', 'vms': 0.0}
{'name': 'loop12', 'pid': 368, 'username': 'root', 'vms': 0.0}
{'name': 'loop13', 'pid': 379, 'username': 'root', 'vms': 0.0}
{'name': 'loop14', 'pid': 403, 'username': 'root', 'vms': 0.0}
{'name': 'loop15', 'pid': 407, 'username': 'root', 'vms': 0.0}
{'name': 'loop16', 'pid': 422, 'username': 'root', 'vms': 0.0}
{'name': 'loop17', 'pid': 423, 'username': 'root', 'vms': 0.0}
{'name': 'loop18', 'pid': 424, 'username': 'root', 'vms': 0.0}
{'name': 'loop19', 'pid': 425, 'username': 'root', 'vms': 0.0}
{'name': 'loop20', 'pid': 429, 'username': 'root', 'vms': 0.0}
{'name': 'loop21', 'pid': 431, 'username': 'root', 'vms': 0.0}
{'name': 'loop22', 'pid': 436, 'username': 'root', 'vms': 0.0}
{'name': 'loop23', 'pid': 438, 'username': 'root', 'vms': 0.0}
{'name': 'loop24', 'pid': 439, 'username': 'root', 'vms': 0.0}
{'name': 'loop25', 'pid': 441, 'username': 'root', 'vms': 0.0}
{'name': 'i915/signal:0', 'pid': 442, 'username': 'root', 'vms': 0.0}
{'name': 'loop26', 'pid': 443, 'username': 'root', 'vms': 0.0}
{'name': 'i915/signal:1', 'pid': 444, 'username': 'root', 'vms': 0.0}
{'name': 'i915/signal:2', 'pid': 445, 'username': 'root', 'vms': 0.0}
{'name': 'loop27', 'pid': 446, 'username': 'root', 'vms': 0.0}
{'name': 'i915/signal:4', 'pid': 447, 'username': 'root', 'vms': 0.0}
{'name': 'loop28', 'pid': 448, 'username': 'root', 'vms': 0.0}
{'name': 'loop29', 'pid': 457, 'username': 'root', 'vms': 0.0}
{'name': 'loop30', 'pid': 458, 'username': 'root', 'vms': 0.0}
{'name': 'loop31', 'pid': 462, 'username': 'root', 'vms': 0.0}
{'name': 'loop32', 'pid': 463, 'username': 'root', 'vms': 0.0}
{'name': 'loop33', 'pid': 464, 'username': 'root', 'vms': 0.0}
{'name': 'loop34', 'pid': 465, 'username': 'root', 'vms': 0.0}
{'name': 'loop35', 'pid': 466, 'username': 'root', 'vms': 0.0}
{'name': 'loop36', 'pid': 467, 'username': 'root', 'vms': 0.0}
{'name': 'loop37', 'pid': 469, 'username': 'root', 'vms': 0.0}
{'name': 'loop38', 'pid': 470, 'username': 'root', 'vms': 0.0}
{'name': 'loop39', 'pid': 471, 'username': 'root', 'vms': 0.0}
{'name': 'loop40', 'pid': 472, 'username': 'root', 'vms': 0.0}
{'name': 'loop41', 'pid': 473, 'username': 'root', 'vms': 0.0}
{'name': 'loop42', 'pid': 474, 'username': 'root', 'vms': 0.0}
{'name': 'cfg80211', 'pid': 516, 'username': 'root', 'vms': 0.0}
{'name': 'kmemstick', 'pid': 539, 'username': 'root', 'vms': 0.0}
{'name': 'nvkm-disp', 'pid': 592, 'username': 'root', 'vms': 0.0}
{'name': 'ttm_swap', 'pid': 599, 'username': 'root', 'vms': 0.0}
{'name': 'systemd-timesyncd', 'pid': 977, 'username': 'systemd-timesync', 'vms': 144.09}
{'name': 'systemd-resolved', 'pid': 978, 'username': 'systemd-resolve', 'vms': 70.04}
{'name': 'iio-sensor-proxy', 'pid': 1019, 'username': 'root', 'vms': 266.0}
{'name': 'systemd-logind', 'pid': 1020, 'username': 'root', 'vms': 69.76}
{'name': 'networkd-dispat', 'pid': 1021, 'username': 'root', 'vms': 175.23}
{'name': 'avahi-daemon', 'pid': 1022, 'username': 'avahi', 'vms': 46.61}
{'name': 'udisksd', 'pid': 1023, 'username': 'root', 'vms': 497.76}
{'name': 'accounts-daemon', 'pid': 1025, 'username': 'root', 'vms': 290.68}
{'name': 'irqbalance', 'pid': 1026, 'username': 'root', 'vms': 108.95}
{'name': 'acpid', 'pid': 1029, 'username': 'root', 'vms': 4.49}
{'name': 'cupsd', 'pid': 1033, 'username': 'root', 'vms': 106.2}
{'name': 'cron', 'pid': 1034, 'username': 'root', 'vms': 37.9}
{'name': 'rsyslogd', 'pid': 1035, 'username': 'syslog', 'vms': 259.4}
{'name': 'dbus-daemon', 'pid': 1040, 'username': 'messagebus', 'vms': 50.99}
{'name': 'avahi-daemon', 'pid': 1057, 'username': 'avahi', 'vms': 46.43}
{'name': 'cups-browsed', 'pid': 1072, 'username': 'root', 'vms': 299.46}
{'name': 'wpa_supplicant', 'pid': 1074, 'username': 'root', 'vms': 44.83}
{'name': 'NetworkManager', 'pid': 1075, 'username': 'root', 'vms': 560.36}
{'name': 'ModemManager', 'pid': 1076, 'username': 'root', 'vms': 428.39}
{'name': 'thermald', 'pid': 1078, 'username': 'root', 'vms': 184.38}
{'name': 'snapd', 'pid': 1080, 'username': 'root', 'vms': 1431.0}
{'name': 'polkitd', 'pid': 1094, 'username': 'root', 'vms': 299.15}
{'name': 'kerneloops', 'pid': 1108, 'username': 'kernoops', 'vms': 56.15}
{'name': 'kerneloops', 'pid': 1110, 'username': 'kernoops', 'vms': 56.15}
{'name': 'unattended-upgr', 'pid': 1191, 'username': 'root', 'vms': 191.71}
{'name': 'canonical-livepatchd', 'pid': 1194, 'username': 'root', 'vms': 470.62}
{'name': 'gdm3', 'pid': 1245, 'username': 'root', 'vms': 303.8}
{'name': 'java', 'pid': 1247, 'username': 'tomcat', 'vms': 5732.77}
{'name': 'mysqld', 'pid': 1285, 'username': 'mysql', 'vms': 1332.65}
{'name': 'gdm-session-wor', 'pid': 1286, 'username': 'root', 'vms': 257.94}
{'name': 'apache2', 'pid': 1300, 'username': 'root', 'vms': 480.89}
{'name': 'apache2', 'pid': 1306, 'username': 'www-data', 'vms': 483.18}
{'name': 'apache2', 'pid': 1307, 'username': 'www-data', 'vms': 483.18}
{'name': 'apache2', 'pid': 1308, 'username': 'www-data', 'vms': 483.18}
{'name': 'apache2', 'pid': 1309, 'username': 'www-data', 'vms': 483.18}
{'name': 'apache2', 'pid': 1310, 'username': 'www-data', 'vms': 483.18}
{'name': 'systemd', 'pid': 1312, 'username': 'gdm', 'vms': 76.16}
{'name': '(sd-pam)', 'pid': 1313, 'username': 'gdm', 'vms': 193.68}
{'name': 'gdm-wayland-session', 'pid': 1366, 'username': 'gdm', 'vms': 195.07}
{'name': 'dbus-daemon', 'pid': 1368, 'username': 'gdm', 'vms': 49.53}
{'name': 'gnome-session-binary', 'pid': 1370, 'username': 'gdm', 'vms': 761.29}
{'name': 'gnome-shell', 'pid': 1385, 'username': 'gdm', 'vms': 3330.91}
{'name': 'upowerd', 'pid': 1402, 'username': 'root', 'vms': 317.99}
{'name': 'Xwayland', 'pid': 1434, 'username': 'gdm', 'vms': 605.5}
{'name': 'at-spi-bus-launcher', 'pid': 1442, 'username': 'gdm', 'vms': 344.45}
{'name': 'dbus-daemon', 'pid': 1447, 'username': 'gdm', 'vms': 49.24}
{'name': 'at-spi2-registryd', 'pid': 1449, 'username': 'gdm', 'vms': 217.71}
{'name': 'pulseaudio', 'pid': 1453, 'username': 'gdm', 'vms': 1137.72}
{'name': 'rtkit-daemon', 'pid': 1454, 'username': 'rtkit', 'vms': 180.97}
{'name': 'ibus-daemon', 'pid': 1470, 'username': 'gdm', 'vms': 356.37}
{'name': 'ibus-dconf', 'pid': 1473, 'username': 'gdm', 'vms': 276.74}
{'name': 'ibus-x11', 'pid': 1476, 'username': 'gdm', 'vms': 479.97}
{'name': 'ibus-portal', 'pid': 1478, 'username': 'gdm', 'vms': 274.71}
{'name': 'boltd', 'pid': 1490, 'username': 'root', 'vms': 292.77}
{'name': 'packagekitd', 'pid': 1492, 'username': 'root', 'vms': 515.5}
{'name': 'gsd-xsettings', 'pid': 1493, 'username': 'gdm', 'vms': 628.51}
{'name': 'gsd-a11y-settings', 'pid': 1500, 'username': 'gdm', 'vms': 274.32}
{'name': 'gsd-clipboard', 'pid': 1502, 'username': 'gdm', 'vms': 479.61}
{'name': 'gsd-color', 'pid': 1506, 'username': 'gdm', 'vms': 799.7}
{'name': 'gsd-datetime', 'pid': 1507, 'username': 'gdm', 'vms': 388.27}
{'name': 'gsd-housekeeping', 'pid': 1509, 'username': 'gdm', 'vms': 279.82}
{'name': 'gsd-keyboard', 'pid': 1512, 'username': 'gdm', 'vms': 631.93}
{'name': 'gsd-media-keys', 'pid': 1516, 'username': 'gdm', 'vms': 1261.81}
{'name': 'gsd-mouse', 'pid': 1517, 'username': 'gdm', 'vms': 199.21}
{'name': 'gsd-power', 'pid': 1519, 'username': 'gdm', 'vms': 642.59}
{'name': 'gsd-print-notifications', 'pid': 1522, 'username': 'gdm', 'vms': 263.32}
{'name': 'gsd-rfkill', 'pid': 1525, 'username': 'gdm', 'vms': 199.23}
{'name': 'gsd-screensaver-proxy', 'pid': 1528, 'username': 'gdm', 'vms': 271.93}
{'name': 'gsd-sharing', 'pid': 1531, 'username': 'gdm', 'vms': 300.9}
{'name': 'gsd-smartcard', 'pid': 1535, 'username': 'gdm', 'vms': 372.71}
{'name': 'gsd-sound', 'pid': 1538, 'username': 'gdm', 'vms': 328.26}
{'name': 'gsd-wacom', 'pid': 1542, 'username': 'gdm', 'vms': 638.64}
{'name': 'ibus-engine-simple', 'pid': 1552, 'username': 'gdm', 'vms': 202.06}
{'name': 'colord', 'pid': 1600, 'username': 'colord', 'vms': 320.51}
{'name': 'gdm-session-wor', 'pid': 1726, 'username': 'root', 'vms': 409.74}
{'name': 'systemd', 'pid': 1759, 'username': 'rohit', 'vms': 76.27}
{'name': '(sd-pam)', 'pid': 1760, 'username': 'rohit', 'vms': 193.81}
{'name': 'gnome-keyring-daemon', 'pid': 1773, 'username': 'rohit', 'vms': 284.48}
{'name': 'gdm-x-session', 'pid': 1777, 'username': 'rohit', 'vms': 209.2}
{'name': 'Xorg', 'pid': 1779, 'username': 'rohit', 'vms': 694.93}
{'name': 'dbus-daemon', 'pid': 1785, 'username': 'rohit', 'vms': 50.36}
{'name': 'session', 'pid': 1788, 'username': 'rohit', 'vms': 4.56}
{'name': 'ssh-agent', 'pid': 1884, 'username': 'rohit', 'vms': 11.15}
{'name': 'gnome-session-binary', 'pid': 1887, 'username': 'rohit', 'vms': 705.35}
{'name': 'at-spi-bus-launcher', 'pid': 1890, 'username': 'rohit', 'vms': 344.49}
{'name': 'dbus-daemon', 'pid': 1895, 'username': 'rohit', 'vms': 49.24}
{'name': 'at-spi2-registryd', 'pid': 1898, 'username': 'rohit', 'vms': 217.72}
{'name': 'gnome-shell', 'pid': 1916, 'username': 'rohit', 'vms': 3783.43}
{'name': 'gvfsd', 'pid': 1923, 'username': 'rohit', 'vms': 287.93}
{'name': 'gvfsd-fuse', 'pid': 1928, 'username': 'rohit', 'vms': 410.37}
{'name': 'pulseaudio', 'pid': 1939, 'username': 'rohit', 'vms': 2707.68}
{'name': 'ibus-daemon', 'pid': 1952, 'username': 'rohit', 'vms': 356.9}
{'name': 'ibus-dconf', 'pid': 1956, 'username': 'rohit', 'vms': 276.88}
{'name': 'ibus-x11', 'pid': 1958, 'username': 'rohit', 'vms': 341.58}
{'name': 'ibus-portal', 'pid': 1960, 'username': 'rohit', 'vms': 274.71}
{'name': 'gnome-shell-calendar-server', 'pid': 1971, 'username': 'rohit', 'vms': 680.12}
{'name': 'evolution-source-registry', 'pid': 1975, 'username': 'rohit', 'vms': 1353.21}
{'name': 'goa-daemon', 'pid': 1988, 'username': 'rohit', 'vms': 765.49}
{'name': 'gvfs-udisks2-volume-monitor', 'pid': 1989, 'username': 'rohit', 'vms': 375.17}
{'name': 'gvfs-goa-volume-monitor', 'pid': 1995, 'username': 'rohit', 'vms': 270.26}
{'name': 'goa-identity-service', 'pid': 2002, 'username': 'rohit', 'vms': 299.17}
{'name': 'gvfs-gphoto2-volume-monitor', 'pid': 2009, 'username': 'rohit', 'vms': 284.8}
{'name': 'gvfs-afc-volume-monitor', 'pid': 2013, 'username': 'rohit', 'vms': 373.58}
{'name': 'gvfs-mtp-volume-monitor', 'pid': 2018, 'username': 'rohit', 'vms': 272.06}
{'name': 'gsd-power', 'pid': 2022, 'username': 'rohit', 'vms': 512.54}
{'name': 'gsd-print-notifications', 'pid': 2023, 'username': 'rohit', 'vms': 344.49}
{'name': 'gsd-rfkill', 'pid': 2027, 'username': 'rohit', 'vms': 417.5}
{'name': 'gsd-screensaver-proxy', 'pid': 2028, 'username': 'rohit', 'vms': 271.93}
{'name': 'gsd-sharing', 'pid': 2032, 'username': 'rohit', 'vms': 446.73}
{'name': 'gsd-smartcard', 'pid': 2037, 'username': 'rohit', 'vms': 445.44}
{'name': 'gsd-xsettings', 'pid': 2038, 'username': 'rohit', 'vms': 490.08}
{'name': 'gsd-sound', 'pid': 2049, 'username': 'rohit', 'vms': 328.28}
{'name': 'gsd-wacom', 'pid': 2054, 'username': 'rohit', 'vms': 499.93}
{'name': 'gsd-a11y-settings', 'pid': 2065, 'username': 'rohit', 'vms': 274.33}
{'name': 'gsd-clipboard', 'pid': 2066, 'username': 'rohit', 'vms': 341.2}
{'name': 'gsd-color', 'pid': 2068, 'username': 'rohit', 'vms': 734.02}
{'name': 'gsd-datetime', 'pid': 2070, 'username': 'rohit', 'vms': 463.27}
{'name': 'gsd-housekeeping', 'pid': 2072, 'username': 'rohit', 'vms': 360.19}
{'name': 'gsd-keyboard', 'pid': 2073, 'username': 'rohit', 'vms': 501.9}
{'name': 'gsd-media-keys', 'pid': 2077, 'username': 'rohit', 'vms': 1067.17}
{'name': 'gsd-mouse', 'pid': 2081, 'username': 'rohit', 'vms': 274.34}
{'name': 'gsd-printer', 'pid': 2112, 'username': 'rohit', 'vms': 501.73}
{'name': 'evolution-calendar-factory', 'pid': 2127, 'username': 'rohit', 'vms': 879.89}
{'name': 'gsd-disk-utility-notify', 'pid': 2141, 'username': 'rohit', 'vms': 268.18}
{'name': 'nautilus-desktop', 'pid': 2143, 'username': 'rohit', 'vms': 1653.82}
{'name': 'gvfsd-trash', 'pid': 2150, 'username': 'rohit', 'vms': 363.28}
{'name': 'ibus-engine-simple', 'pid': 2162, 'username': 'rohit', 'vms': 202.06}
{'name': 'evolution-calendar-factory-subprocess', 'pid': 2179, 'username': 'rohit', 'vms': 1192.91}
{'name': 'dconf-service', 'pid': 2185, 'username': 'rohit', 'vms': 185.57}
{'name': 'evolution-addressbook-factory', 'pid': 2196, 'username': 'rohit', 'vms': 722.58}
{'name': 'evolution-addressbook-factory-subprocess', 'pid': 2204, 'username': 'rohit', 'vms': 1003.14}
{'name': 'gvfsd-metadata', 'pid': 2235, 'username': 'rohit', 'vms': 202.92}
{'name': 'chrome', 'pid': 2412, 'username': 'rohit', 'vms': 918.36}
{'name': 'cat', 'pid': 2418, 'username': 'rohit', 'vms': 14.51}
{'name': 'cat', 'pid': 2419, 'username': 'rohit', 'vms': 14.51}
{'name': 'chrome', 'pid': 2422, 'username': 'rohit', 'vms': 436.69}
{'name': 'nacl_helper', 'pid': 2423, 'username': 'rohit', 'vms': 26.49}
{'name': 'chrome', 'pid': 2426, 'username': 'rohit', 'vms': 436.69}
{'name': 'chrome', 'pid': 2447, 'username': 'rohit', 'vms': 551.4}
{'name': 'chrome', 'pid': 2452, 'username': 'rohit', 'vms': 547.41}
{'name': 'chrome', 'pid': 2670, 'username': 'rohit', 'vms': 697.15}
{'name': 'gnome-software', 'pid': 2794, 'username': 'rohit', 'vms': 1257.66}
{'name': 'update-notifier', 'pid': 2797, 'username': 'rohit', 'vms': 638.63}
{'name': 'fwupd', 'pid': 2819, 'username': 'root', 'vms': 547.74}
{'name': 'gvfsd-http', 'pid': 3064, 'username': 'rohit', 'vms': 354.67}
{'name': 'deja-dup-monitor', 'pid': 3212, 'username': 'rohit', 'vms': 778.64}
{'name': 'chrome', 'pid': 3281, 'username': 'rohit', 'vms': 699.36}
{'name': 'gdm-session-wor', 'pid': 3452, 'username': 'root', 'vms': 261.75}
{'name': 'chrome', 'pid': 4606, 'username': 'rohit', 'vms': 795.11}
{'name': 'nautilus', 'pid': 5420, 'username': 'rohit', 'vms': 1486.21}
{'name': 'zeitgeist-daemon', 'pid': 5450, 'username': 'rohit', 'vms': 427.56}
{'name': 'zeitgeist-fts', 'pid': 5456, 'username': 'rohit', 'vms': 322.23}
{'name': 'code', 'pid': 5520, 'username': 'rohit', 'vms': 1542.59}
{'name': 'code', 'pid': 5522, 'username': 'rohit', 'vms': 370.82}
{'name': 'code', 'pid': 5551, 'username': 'rohit', 'vms': 539.81}
{'name': 'code', 'pid': 5646, 'username': 'rohit', 'vms': 751.88}
{'name': 'kworker/0:1', 'pid': 6507, 'username': 'root', 'vms': 0.0}
{'name': 'kworker/3:2', 'pid': 6715, 'username': 'root', 'vms': 0.0}
{'name': 'kworker/0:2', 'pid': 6796, 'username': 'root', 'vms': 0.0}
{'name': 'chrome', 'pid': 6883, 'username': 'rohit', 'vms': 661.99}
{'name': 'code', 'pid': 7152, 'username': 'rohit', 'vms': 1155.88}
{'name': 'code', 'pid': 7178, 'username': 'rohit', 'vms': 944.99}
{'name': 'code', 'pid': 7180, 'username': 'rohit', 'vms': 598.86}
{'name': 'gdm-session-wor', 'pid': 8079, 'username': 'root', 'vms': 261.75}
{'name': 'kworker/u16:67', 'pid': 8261, 'username': 'root', 'vms': 0.0}
{'name': 'kworker/2:4', 'pid': 8267, 'username': 'root', 'vms': 0.0}
{'name': 'gdm-session-wor', 'pid': 8341, 'username': 'root', 'vms': 261.75}
{'name': 'irq/31-mei_me', 'pid': 8676, 'username': 'root', 'vms': 0.0}
{'name': 'evince', 'pid': 9329, 'username': 'rohit', 'vms': 1333.09}
{'name': 'evinced', 'pid': 9336, 'username': 'rohit', 'vms': 185.14}
{'name': 'python', 'pid': 9460, 'username': 'rohit', 'vms': 82.67}
{'name': 'python', 'pid': 9476, 'username': 'rohit', 'vms': 54.79}
{'name': 'bash', 'pid': 9501, 'username': 'rohit', 'vms': 29.6}
{'name': 'code', 'pid': 9535, 'username': 'rohit', 'vms': 637.17}
{'name': 'code', 'pid': 9536, 'username': 'rohit', 'vms': 636.41}
{'name': 'kworker/1:1', 'pid': 9671, 'username': 'root', 'vms': 0.0}
{'name': 'kworker/u16:0', 'pid': 9787, 'username': 'root', 'vms': 0.0}
{'name': 'kworker/u16:1', 'pid': 9812, 'username': 'root', 'vms': 0.0}
{'name': 'dhclient', 'pid': 9935, 'username': 'root', 'vms': 25.63}
{'name': 'kworker/u16:2', 'pid': 10160, 'username': 'root', 'vms': 0.0}
{'name': 'gvfsd-network', 'pid': 10247, 'username': 'rohit', 'vms': 365.29}
{'name': 'mount.ntfs', 'pid': 10263, 'username': 'root', 'vms': 21.84}
{'name': 'gvfsd-dnssd', 'pid': 10303, 'username': 'rohit', 'vms': 376.02}
{'name': 'evince', 'pid': 10318, 'username': 'rohit', 'vms': 1739.29}
{'name': 'kworker/1:2', 'pid': 10359, 'username': 'root', 'vms': 0.0}
{'name': 'kworker/3:1', 'pid': 10378, 'username': 'root', 'vms': 0.0}
{'name': 'kworker/2:1', 'pid': 10407, 'username': 'root', 'vms': 0.0}
{'name': 'kworker/0:0', 'pid': 10610, 'username': 'root', 'vms': 0.0}
{'name': 'kworker/u16:3', 'pid': 10707, 'username': 'root', 'vms': 0.0}
{'name': 'python', 'pid': 10906, 'username': 'rohit', 'vms': 55.71}
